Determining if the pthread_create exist failed with the following output:
Change Dir: /home/lugia/workspace/Term3/Final_CarND_Capstone/system-integration-capstone/ros/build/CMakeFiles/CMakeTmp

Run Build Command:"/usr/bin/make" "cmTC_068db/fast"
/usr/bin/make -f CMakeFiles/cmTC_068db.dir/build.make CMakeFiles/cmTC_068db.dir/build
make[1]: Entering directory '/home/lugia/workspace/Term3/Final_CarND_Capstone/system-integration-capstone/ros/build/CMakeFiles/CMakeTmp'
Building C object CMakeFiles/cmTC_068db.dir/CheckSymbolExists.c.o
/usr/bin/cc     -o CMakeFiles/cmTC_068db.dir/CheckSymbolExists.c.o   -c /home/lugia/workspace/Term3/Final_CarND_Capstone/system-integration-capstone/ros/build/CMakeFiles/CMakeTmp/CheckSymbolExists.c
Linking C executable cmTC_068db
/usr/bin/cmake -E cmake_link_script CMakeFiles/cmTC_068db.dir/link.txt --verbose=1
/usr/bin/cc       CMakeFiles/cmTC_068db.dir/CheckSymbolExists.c.o  -o cmTC_068db -rdynamic 
CMakeFiles/cmTC_068db.dir/CheckSymbolExists.c.o: In function `main':
CheckSymbolExists.c:(.text+0x16): undefined reference to `pthread_create'
collect2: error: ld returned 1 exit status
CMakeFiles/cmTC_068db.dir/build.make:97: recipe for target 'cmTC_068db' failed
make[1]: *** [cmTC_068db] Error 1
make[1]: Leaving directory '/home/lugia/workspace/Term3/Final_CarND_Capstone/system-integration-capstone/ros/build/CMakeFiles/CMakeTmp'
Makefile:126: recipe for target 'cmTC_068db/fast' failed
make: *** [cmTC_068db/fast] Error 2

File /home/lugia/workspace/Term3/Final_CarND_Capstone/system-integration-capstone/ros/build/CMakeFiles/CMakeTmp/CheckSymbolExists.c:
/* */
#include <pthread.h>

int main(int argc, char** argv)
{
  (void)argv;
#ifndef pthread_create
  return ((int*)(&pthread_create))[argc];
#else
  (void)argc;
  return 0;
#endif
}

Determining if the function pthread_create exists in the pthreads failed with the following output:
Change Dir: /home/lugia/workspace/Term3/Final_CarND_Capstone/system-integration-capstone/ros/build/CMakeFiles/CMakeTmp

Run Build Command:"/usr/bin/make" "cmTC_cdf00/fast"
/usr/bin/make -f CMakeFiles/cmTC_cdf00.dir/build.make CMakeFiles/cmTC_cdf00.dir/build
make[1]: Entering directory '/home/lugia/workspace/Term3/Final_CarND_Capstone/system-integration-capstone/ros/build/CMakeFiles/CMakeTmp'
Building C object CMakeFiles/cmTC_cdf00.dir/CheckFunctionExists.c.o
/usr/bin/cc    -DCHECK_FUNCTION_EXISTS=pthread_create   -o CMakeFiles/cmTC_cdf00.dir/CheckFunctionExists.c.o   -c /usr/share/cmake-3.5/Modules/CheckFunctionExists.c
Linking C executable cmTC_cdf00
/usr/bin/cmake -E cmake_link_script CMakeFiles/cmTC_cdf00.dir/link.txt --verbose=1
/usr/bin/cc   -DCHECK_FUNCTION_EXISTS=pthread_create    CMakeFiles/cmTC_cdf00.dir/CheckFunctionExists.c.o  -o cmTC_cdf00 -rdynamic -lpthreads 
/usr/bin/ld: cannot find -lpthreads
collect2: error: ld returned 1 exit status
CMakeFiles/cmTC_cdf00.dir/build.make:97: recipe for target 'cmTC_cdf00' failed
make[1]: *** [cmTC_cdf00] Error 1
make[1]: Leaving directory '/home/lugia/workspace/Term3/Final_CarND_Capstone/system-integration-capstone/ros/build/CMakeFiles/CMakeTmp'
Makefile:126: recipe for target 'cmTC_cdf00/fast' failed
make: *** [cmTC_cdf00/fast] Error 2


